[2020-07-21 18:09:19] ================= Logging =================
[2020-07-21 18:09:19] Disconnect server ...
[2020-07-21 18:09:19]  logout...
[2020-07-21 18:10:11] ================= Logging =================
[2020-07-21 18:10:11] Disconnect server ...
[2020-07-21 18:10:11]  logout...
[2020-07-21 18:11:50] ================= Logging =================
[2020-07-21 18:11:50] Disconnect server ...
[2020-07-21 18:11:50]  logout...
[2020-07-21 18:14:01] ================= Logging =================
[2020-07-21 18:14:01] Disconnect server ...
[2020-07-21 18:14:01]  logout...
[2020-07-21 18:25:11] ================= Logging =================
[2020-07-21 18:25:11] Disconnect server ...
[2020-07-21 18:25:11]  logout...
[2020-07-21 18:27:25] ================= Logging =================
[2020-07-21 18:27:25] Disconnect server ...
[2020-07-21 18:27:25]  logout...
[2020-07-22 11:08:22] ================= Logging =================
[2020-07-22 11:08:22] Disconnect server ...
[2020-07-22 11:08:22]  logout...
[2020-07-22 11:08:51] ================= Logging =================
[2020-07-22 11:08:51] Disconnect server ...
[2020-07-22 11:08:51]  logout...
[2020-07-22 14:27:44] ================= Logging =================
[2020-07-22 14:27:44] Disconnect server ...
[2020-07-22 14:27:44]  logout...
[2020-07-22 16:32:53] ================= Logging =================
[2020-07-22 16:32:53] Disconnect server ...
[2020-07-22 16:32:53]  logout...
[2020-07-22 17:04:32] ================= Logging =================
[2020-07-22 17:04:32] Disconnect server ...
[2020-07-22 17:04:32]  logout...
[2020-07-22 17:05:14] ================= Logging =================
[2020-07-22 17:05:14] Disconnect server ...
[2020-07-22 17:05:14]  logout...
[2020-07-22 17:06:44] ================= Logging =================
[2020-07-22 17:06:44] Disconnect server ...
[2020-07-22 17:06:44]  logout...
[2020-07-22 17:07:05] ================= Logging =================
[2020-07-22 17:07:05] Disconnect server ...
[2020-07-22 17:07:05]  logout...
[2020-07-22 17:11:36] ================= Logging =================
[2020-07-22 17:11:36] Disconnect server ...
[2020-07-22 17:11:36]  logout...
[2020-07-22 17:13:57] ================= Logging =================
[2020-07-22 17:13:57] Disconnect server ...
[2020-07-22 17:13:57]  logout...
[2020-07-22 17:14:44] ================= Logging =================
[2020-07-22 17:14:44] Disconnect server ...
[2020-07-22 17:14:44]  logout...
[2020-07-22 17:16:18] ================= Logging =================
[2020-07-22 17:16:18] Disconnect server ...
[2020-07-22 17:16:18]  logout...
[2020-07-22 17:16:32] ================= Logging =================
[2020-07-22 17:16:32] Disconnect server ...
[2020-07-22 17:16:32]  logout...
[2020-07-22 17:27:03] ================= Logging =================
[2020-07-22 17:27:03] Disconnect server ...
[2020-07-22 17:27:03]  logout...
[2020-07-22 17:28:47] ================= Logging =================
[2020-07-22 17:28:47] Disconnect server ...
[2020-07-22 17:28:47]  logout...
[2020-07-22 17:32:18] ================= Logging =================
[2020-07-22 17:32:18] Disconnect server ...
[2020-07-22 17:32:18]  logout...
[2020-07-22 17:35:15] ================= Logging =================
[2020-07-22 17:35:15] Disconnect server ...
[2020-07-22 17:35:15]  logout...
[2020-07-22 17:45:48] ================= Logging =================
[2020-07-22 17:45:48] Disconnect server ...
[2020-07-22 17:45:48]  logout...
[2020-07-22 17:56:07] ================= Logging =================
[2020-07-22 17:56:07] Disconnect server ...
[2020-07-22 17:56:07]  logout...
[2020-07-22 17:57:58] ================= Logging =================
[2020-07-22 17:57:58] Disconnect server ...
[2020-07-22 17:57:58]  logout...
[2020-07-23 10:45:33] ================= Logging =================
[2020-07-23 10:45:33] Disconnect server ...
[2020-07-23 10:45:33]  logout...
[2020-07-23 10:47:39] ================= Logging =================
[2020-07-23 10:47:39] Disconnect server ...
[2020-07-23 10:47:39]  logout...
[2020-07-23 10:48:12] ================= Logging =================
[2020-07-23 10:48:12] Disconnect server ...
[2020-07-23 10:48:12]  logout...
[2020-07-23 10:48:44] ================= Logging =================
[2020-07-23 10:48:44] Disconnect server ...
[2020-07-23 10:48:44]  logout...
[2020-07-23 10:50:01] ================= Logging =================
[2020-07-23 10:50:01] Disconnect server ...
[2020-07-23 10:50:01]  logout...
[2020-07-23 10:51:13] ================= Logging =================
[2020-07-23 10:51:13] Disconnect server ...
[2020-07-23 10:51:13]  logout...
[2020-07-23 10:51:34] ================= Logging =================
[2020-07-23 10:51:34] Disconnect server ...
[2020-07-23 10:51:34]  logout...
[2020-07-23 10:52:33] ================= Logging =================
[2020-07-23 10:52:33] Disconnect server ...
[2020-07-23 10:52:33]  logout...
[2020-07-23 11:04:49] ================= Logging =================
[2020-07-23 11:04:49] Disconnect server ...
[2020-07-23 11:04:49]  logout...
[2020-07-23 11:13:46] ================= Logging =================
[2020-07-23 11:13:46] Disconnect server ...
[2020-07-23 11:13:46]  logout...
[2020-07-23 11:14:46] ================= Logging =================
[2020-07-23 11:14:46] Disconnect server ...
[2020-07-23 11:14:46]  logout...
[2020-07-23 11:16:20] ================= Logging =================
[2020-07-23 11:16:20] Disconnect server ...
[2020-07-23 11:16:20]  logout...
[2020-07-23 14:21:13] ================= Logging =================
[2020-07-23 14:21:13] Disconnect server ...
[2020-07-23 14:21:13]  logout...
[2020-07-23 14:28:18] ================= Logging =================
[2020-07-23 14:28:18] Disconnect server ...
[2020-07-23 14:28:18]  logout...
[2020-07-23 14:33:56] ================= Logging =================
[2020-07-23 14:33:56] Disconnect server ...
[2020-07-23 14:33:56]  logout...
[2020-07-23 14:37:02] ================= Logging =================
[2020-07-23 14:37:02] Disconnect server ...
[2020-07-23 14:37:02]  logout...
[2020-07-23 14:39:32] ================= Logging =================
[2020-07-23 14:39:32] Disconnect server ...
[2020-07-23 14:39:32]  logout...
[2020-07-23 14:56:59] ================= Logging =================
[2020-07-23 14:56:59] Disconnect server ...
[2020-07-23 14:56:59]  logout...
[2020-07-23 14:58:07] ================= Logging =================
[2020-07-23 14:58:07] Disconnect server ...
[2020-07-23 14:58:07]  logout...
[2020-07-23 15:01:32] ================= Logging =================
[2020-07-23 15:01:32] Disconnect server ...
[2020-07-23 15:01:32]  logout...
[2020-07-23 15:11:11] ================= Logging =================
[2020-07-23 15:11:11] Disconnect server ...
[2020-07-23 15:11:11]  logout...
[2020-07-23 15:11:31] ================= Logging =================
[2020-07-23 15:11:31] Disconnect server ...
[2020-07-23 15:11:31]  logout...
[2020-07-23 15:20:30] ================= Logging =================
[2020-07-23 15:20:30] Disconnect server ...
[2020-07-23 15:20:30]  logout...
[2020-07-23 15:25:00] ================= Logging =================
[2020-07-23 15:25:00] Disconnect server ...
[2020-07-23 15:25:00]  logout...
[2020-07-23 15:29:04] ================= Logging =================
[2020-07-23 15:29:04] Disconnect server ...
[2020-07-23 15:29:04]  logout...
[2020-07-23 15:29:54] ================= Logging =================
[2020-07-23 15:29:54] Disconnect server ...
[2020-07-23 15:29:54]  logout...
[2020-07-23 16:22:47] ================= Logging =================
[2020-07-23 16:22:47] Disconnect server ...
[2020-07-23 16:22:47]  logout...
[2020-07-23 16:26:25] ================= Logging =================
[2020-07-23 16:26:25] Disconnect server ...
[2020-07-23 16:26:25]  logout...
[2020-07-23 16:26:39] ================= Logging =================
[2020-07-23 16:26:39] Disconnect server ...
[2020-07-23 16:26:39]  logout...
[2020-07-23 16:28:59] ================= Logging =================
[2020-07-23 16:28:59] Disconnect server ...
[2020-07-23 16:28:59]  logout...
[2020-07-23 16:29:14] ================= Logging =================
[2020-07-23 16:29:14] Disconnect server ...
[2020-07-23 16:29:14]  logout...
[2020-07-23 16:29:33] ================= Logging =================
[2020-07-23 16:29:33] Disconnect server ...
[2020-07-23 16:29:33]  logout...
[2020-07-23 16:30:35] ================= Logging =================
[2020-07-23 16:30:35] Disconnect server ...
[2020-07-23 16:30:35]  logout...
[2020-07-23 16:31:35] ================= Logging =================
[2020-07-23 16:31:35] Disconnect server ...
[2020-07-23 16:31:35]  logout...
[2020-07-23 16:31:53] ================= Logging =================
[2020-07-23 16:31:53] Disconnect server ...
[2020-07-23 16:31:53]  logout...
[2020-07-23 16:32:06] ================= Logging =================
[2020-07-23 16:32:06] Disconnect server ...
[2020-07-23 16:32:06]  logout...
[2020-07-23 16:32:31] ================= Logging =================
[2020-07-23 16:32:31] Disconnect server ...
[2020-07-23 16:32:31]  logout...
[2020-07-23 16:33:05] ================= Logging =================
[2020-07-23 16:33:05] Disconnect server ...
[2020-07-23 16:33:05]  logout...
[2020-07-23 16:33:18] ================= Logging =================
[2020-07-23 16:33:18] Disconnect server ...
[2020-07-23 16:33:18]  logout...
[2020-07-23 16:35:14] ================= Logging =================
[2020-07-23 16:35:14] Disconnect server ...
[2020-07-23 16:35:14]  logout...
[2020-07-23 16:45:17] ================= Logging =================
[2020-07-23 16:45:17] Disconnect server ...
[2020-07-23 16:45:17]  logout...
[2020-07-23 16:46:49] ================= Logging =================
[2020-07-23 16:46:49] Disconnect server ...
[2020-07-23 16:46:49]  logout...
[2020-07-23 16:47:20] ================= Logging =================
[2020-07-23 16:47:20] Disconnect server ...
[2020-07-23 16:47:20]  logout...
[2020-07-23 16:49:19] ================= Logging =================
[2020-07-23 16:49:19] Disconnect server ...
[2020-07-23 16:49:19]  logout...
[2020-07-23 16:51:40] ================= Logging =================
[2020-07-23 16:51:40] Disconnect server ...
[2020-07-23 16:51:40]  logout...
[2020-07-23 16:52:54] ================= Logging =================
[2020-07-23 16:52:54] Disconnect server ...
[2020-07-23 16:52:54]  logout...
[2020-07-23 17:03:44] ================= Logging =================
[2020-07-23 17:03:44] Disconnect server ...
[2020-07-23 17:03:44]  logout...
[2020-07-23 17:16:42] ================= Logging =================
[2020-07-23 17:16:42] Disconnect server ...
[2020-07-23 17:16:42]  logout...
[2020-07-23 17:20:47] ================= Logging =================
[2020-07-23 17:20:47] Disconnect server ...
[2020-07-23 17:20:47]  logout...
[2020-07-23 17:22:46] ================= Logging =================
[2020-07-23 17:22:46] Disconnect server ...
[2020-07-23 17:22:46]  logout...
[2020-07-23 17:37:38] ================= Logging =================
[2020-07-23 17:37:38] Disconnect server ...
[2020-07-23 17:37:38]  logout...
[2020-07-23 17:42:59] ================= Logging =================
[2020-07-23 17:42:59] Disconnect server ...
[2020-07-23 17:42:59]  logout...
[2020-07-23 17:44:27] ================= Logging =================
[2020-07-23 17:44:27] Disconnect server ...
[2020-07-23 17:44:27]  logout...
[2020-07-23 17:45:49] ================= Logging =================
[2020-07-23 17:45:49] Disconnect server ...
[2020-07-23 17:45:49]  logout...
[2020-07-24 11:26:39] ================= Logging =================
[2020-07-24 11:26:39] Disconnect server ...
[2020-07-24 11:26:39]  logout...
[2020-07-24 11:33:24] ================= Logging =================
[2020-07-24 11:33:24] Disconnect server ...
[2020-07-24 11:33:24]  logout...
[2020-07-24 14:05:34] ================= Logging =================
[2020-07-24 14:05:34] Disconnect server ...
[2020-07-24 14:05:34]  logout...
[2020-07-24 14:06:15] ================= Logging =================
[2020-07-24 14:06:15] Disconnect server ...
[2020-07-24 14:06:15]  logout...
[2020-07-24 14:15:43] ================= Logging =================
[2020-07-24 14:15:43] Disconnect server ...
[2020-07-24 14:15:43]  logout...
[2020-07-24 15:21:01] ================= Logging =================
[2020-07-24 15:21:01] Disconnect server ...
[2020-07-24 15:21:01]  logout...
[2020-07-24 15:23:25] ================= Logging =================
[2020-07-24 15:23:25] Disconnect server ...
[2020-07-24 15:23:25]  logout...
[2020-07-24 15:24:58] ================= Logging =================
[2020-07-24 15:24:58] Disconnect server ...
[2020-07-24 15:24:58]  logout...
[2020-07-24 15:29:01] ================= Logging =================
[2020-07-24 15:29:01] Disconnect server ...
[2020-07-24 15:29:01]  logout...
[2020-07-24 15:41:03] ================= Logging =================
[2020-07-24 15:41:03] Disconnect server ...
[2020-07-24 15:41:03]  logout...
[2020-07-24 15:41:38] ================= Logging =================
[2020-07-24 15:41:38] Disconnect server ...
[2020-07-24 15:41:38]  logout...
[2020-07-24 15:44:05] ================= Logging =================
[2020-07-24 15:44:05] Disconnect server ...
[2020-07-24 15:44:05]  logout...
[2020-07-24 16:01:38] ================= Logging =================
[2020-07-24 16:01:38] Disconnect server ...
[2020-07-24 16:01:38]  logout...
[2020-07-27 14:09:53] ================= Logging =================
[2020-07-27 14:09:53] Disconnect server ...
[2020-07-27 14:09:53]  logout...
[2020-07-27 17:00:57] ================= Logging =================
[2020-07-27 17:00:57] Disconnect server ...
[2020-07-27 17:00:57]  logout...
[2020-07-27 17:06:17] ================= Logging =================
[2020-07-27 17:06:17] Disconnect server ...
[2020-07-27 17:06:17]  logout...
[2020-07-27 17:11:52] ================= Logging =================
[2020-07-27 17:11:52] Disconnect server ...
[2020-07-27 17:11:52]  logout...
[2020-07-27 17:21:00] ================= Logging =================
[2020-07-27 17:21:00] Disconnect server ...
[2020-07-27 17:21:00]  logout...
[2020-07-27 17:22:01] ================= Logging =================
[2020-07-27 17:22:01] Disconnect server ...
[2020-07-27 17:22:01]  logout...
[2020-07-27 20:27:21] ================= Logging =================
[2020-07-27 20:27:21] Disconnect server ...
[2020-07-27 20:27:21]  logout...
[2020-07-27 20:59:06] ================= Logging =================
[2020-07-27 20:59:06] Disconnect server ...
[2020-07-27 20:59:06]  logout...
[2020-07-27 20:59:12] logout_on_body: offset=0, size=226, content=226
[2020-07-27 20:59:12] logout_on_body: {"result":false,"message":"Unauthorized","jwt":"eyJhbGciOiJIUzI1NiIsInR5cCI6IkpXVCJ9.eyJpYXQiOjE1OTU4NTQ3NTIsImlzc3VlciI6Imh0dHBzOi8vd3d3LnpsZ2Nsb3VkLmNvbSIsImV4cCI6MTU5NjcxODc1Mn0.zfOc9BfQTziJ0ZZMX_2c2VFLa5dLSxOrBftiP8C1pkg"}
